[17Jan2025 00:11:09.939] [Server thread/INFO] [net.minecraft.server.players.PlayerList/]: MachoLoco[/192.168.195.83:65243] logged in with entity id 9025 at (-2619.914074968568, 93.0, 2031.3035443609394)
[17Jan2025 00:11:09.943] [Server thread/INFO] [net.minecraft.server.MinecraftServer/]: MachoLoco joined the game
[17Jan2025 00:11:40.678] [Server thread/INFO] [net.minecraft.server.MinecraftServer/]: [Not Secure] <MachoLoco> Y no avisan, yo esperando el server desde la 8 de la mañana
[17Jan2025 00:12:16.014] [Server thread/INFO] [net.minecraft.server.MinecraftServer/]: [Not Secure] <tomas2695> jajajajajaja
[17Jan2025 00:12:21.604] [Server thread/INFO] [net.minecraft.server.MinecraftServer/]: [Not Secure] <tomas2695> se acaba de prender
[17Jan2025 00:12:25.558] [Server thread/INFO] [net.minecraft.server.MinecraftServer/]: [Not Secure] <MachoLoco> Oiga eso
[17Jan2025 00:12:36.262] [Server thread/INFO] [net.minecraft.server.MinecraftServer/]: [Not Secure] <MachoLoco> Sí tuko jugó dos horas en la tarde
[17Jan2025 00:13:28.451] [Server thread/INFO] [net.minecraft.server.network.ServerGamePacketListenerImpl/]: MachoLoco lost connection: Disconnected
[17Jan2025 00:13:28.452] [Server thread/INFO] [net.minecraft.server.MinecraftServer/]: MachoLoco left the game
[17Jan2025 00:14:16.387] [Server thread/INFO] [net.minecraft.server.players.PlayerList/]: MachoLoco[/192.168.195.83:65338] logged in with entity id 10076 at (-2619.5301676952495, 93.0, 2031.3436128604565)
[17Jan2025 00:14:16.389] [Server thread/INFO] [net.minecraft.server.MinecraftServer/]: MachoLoco joined the game
[17Jan2025 00:14:25.565] [Server thread/INFO] [net.minecraft.server.MinecraftServer/]: [Not Secure] <tomas2695> ocupa dormri?}
[17Jan2025 00:14:40.015] [Server thread/INFO] [net.minecraft.server.MinecraftServer/]: [Not Secure] <tomas2695> macho?
[17Jan2025 00:14:47.997] [Server thread/INFO] [net.minecraft.server.MinecraftServer/]: [Not Secure] <MachoLoco> Eso es de locas, es que como usted siempre quiere dormir
[17Jan2025 00:28:15.778] [Server thread/INFO] [net.minecraft.server.players.PlayerList/]: jeanpaulda[/192.168.195.187:61415] logged in with entity id 16230 at (-2446.183399196566, 106.24918707874468, 2462.211255549023)
[17Jan2025 00:28:15.780] [Server thread/INFO] [net.minecraft.server.MinecraftServer/]: jeanpaulda joined the game
[17Jan2025 00:28:32.104] [Server thread/INFO] [net.minecraft.server.MinecraftServer/]: [Not Secure] <jeanpaulda> macho venga a d un toque
[17Jan2025 00:28:47.620] [Server thread/INFO] [net.minecraft.server.MinecraftServer/]: [Not Secure] <MachoLoco> Thats the one
[17Jan2025 00:29:16.826] [Server thread/INFO] [net.minecraft.server.MinecraftServer/]: [Not Secure] <MachoLoco> Donde es A D?
[17Jan2025 00:33:26.402] [Server thread/INFO] [net.minecraft.server.network.ServerGamePacketListenerImpl/]: jeanpaulda lost connection: Disconnected
[17Jan2025 00:33:26.402] [Server thread/INFO] [net.minecraft.server.MinecraftServer/]: jeanpaulda left the game
[17Jan2025 00:36:17.798] [Server thread/INFO] [net.minecraft.server.players.PlayerList/]: jeanpaulda[/192.168.195.187:61472] logged in with entity id 20002 at (-2452.296401103054, 111.0, 2469.7445901513597)
[17Jan2025 00:36:17.803] [Server thread/INFO] [net.minecraft.server.MinecraftServer/]: jeanpaulda joined the game
[17Jan2025 00:36:58.281] [Server thread/INFO] [net.minecraft.server.MinecraftServer/]: [Not Secure] <jeanpaulda> macho tiene polvora ???
[17Jan2025 00:37:27.363] [Server thread/INFO] [net.minecraft.server.MinecraftServer/]: [Not Secure] <MachoLoco> Mmm no
[17Jan2025 00:37:56.459] [Server thread/INFO] [net.minecraft.server.MinecraftServer/]: [Not Secure] <jeanpaulda> esta en la casa suya??
[17Jan2025 00:38:01.983] [Server thread/INFO] [net.minecraft.server.MinecraftServer/]: [Not Secure] <MachoLoco> Correcto
[17Jan2025 00:39:40.720] [Server thread/INFO] [net.minecraft.server.MinecraftServer/]: [Not Secure] <jeanpaulda> tomas us tiene polvora??
[17Jan2025 00:39:46.418] [Server thread/INFO] [net.minecraft.server.MinecraftServer/]: [Not Secure] <tomas2695> mae no
[17Jan2025 00:42:07.569] [Server thread/INFO] [net.minecraft.server.MinecraftServer/]: [Not Secure] <jeanpaulda> donde esta macho??
[17Jan2025 00:42:12.899] [Server thread/INFO] [net.minecraft.server.MinecraftServer/]: [Not Secure] <MachoLoco> Papi jajaj
[17Jan2025 00:42:35.751] [Server thread/INFO] [net.minecraft.server.MinecraftServer/]: [Not Secure] <MachoLoco> No ve a bob el constructor arriba de su jupa?
[17Jan2025 00:43:00.844] [Server thread/INFO] [net.minecraft.server.MinecraftServer/]: Christ1anH has made the advancement [A Seedy Place]
[17Jan2025 00:43:01.464] [Server thread/INFO] [net.minecraft.server.MinecraftServer/]: [Not Secure] <jeanpaulda> estoy donde us venga vea esto
[17Jan2025 00:43:27.897] [Server thread/INFO] [net.minecraft.server.MinecraftServer/]: [Not Secure] <MachoLoco> Ajá?
[17Jan2025 00:43:29.252] [Server thread/INFO] [net.minecraft.server.MinecraftServer/]: [Not Secure] <jeanpaulda> parese aqui igual a mi y le da
[17Jan2025 00:43:44.194] [Server thread/INFO] [net.minecraft.server.MinecraftServer/]: [Not Secure] <MachoLoco> Qué?
[17Jan2025 00:43:45.519] [Server thread/INFO] [net.minecraft.server.MinecraftServer/]: [Not Secure] <MachoLoco> jaja
[17Jan2025 00:44:01.468] [Server thread/INFO] [net.minecraft.server.MinecraftServer/]: [Not Secure] <jeanpaulda> use eso pero como estoy yo
[17Jan2025 00:44:10.652] [Server thread/INFO] [net.minecraft.server.MinecraftServer/]: MachoLoco has made the advancement [tombstone.advancement.vanishing.title]
[17Jan2025 00:44:38.249] [Server thread/INFO] [net.minecraft.server.MinecraftServer/]: [Not Secure] <MachoLoco> Pero casí me mata
[17Jan2025 00:45:01.905] [Server thread/INFO] [net.minecraft.server.MinecraftServer/]: [Not Secure] <jeanpaulda> por la caida si los usa en el piso no le hace da;o
[17Jan2025 00:45:49.897] [Server thread/INFO] [net.minecraft.server.MinecraftServer/]: [Not Secure] <jeanpaulda> tomas dondo esta ???
[17Jan2025 00:45:57.250] [Server thread/INFO] [net.minecraft.server.MinecraftServer/]: [Not Secure] <tomas2695> en mi casa
[17Jan2025 00:46:04.106] [Server thread/INFO] [net.minecraft.server.MinecraftServer/]: [Not Secure] <jeanpaulda> donde??
[17Jan2025 00:46:13.503] [Server thread/INFO] [net.minecraft.server.MinecraftServer/]: [Not Secure] <MachoLoco> Mande foto de la mansion Tomy JJAJA
[17Jan2025 00:46:23.006] [Server thread/INFO] [net.minecraft.server.MinecraftServer/]: [Not Secure] <tomas2695> a 4900 bloques de ustedes
[17Jan2025 00:46:23.198] [Server thread/INFO] [net.minecraft.server.MinecraftServer/]: jeanpaulda has made the advancement [A Seedy Place]
[17Jan2025 00:46:40.700] [Server thread/INFO] [net.minecraft.server.MinecraftServer/]: [Not Secure] <tomas2695> aun no la termino
[17Jan2025 00:46:54.197] [Server thread/INFO] [net.minecraft.server.MinecraftServer/]: [Not Secure] <MachoLoco> Interesante
[17Jan2025 00:47:07.649] [Server thread/INFO] [net.minecraft.server.MinecraftServer/]: [Not Secure] <jeanpaulda> que mae mas odioso se fue lo mas lejos d enosotro que podia
[17Jan2025 00:52:35.223] [Server thread/INFO] [net.minecraft.server.players.PlayerList/]: Karilu[/192.168.195.50:61747] logged in with entity id 26983 at (-436.78757114998615, 70.0, -2233.834965470911)
[17Jan2025 00:52:35.225] [Server thread/INFO] [net.minecraft.server.MinecraftServer/]: Karilu joined the game
[17Jan2025 00:52:57.150] [Server thread/INFO] [net.minecraft.server.network.ServerGamePacketListenerImpl/]: Karilu lost connection: Disconnected
[17Jan2025 00:52:57.151] [Server thread/INFO] [net.minecraft.server.MinecraftServer/]: Karilu left the game
[17Jan2025 00:53:16.682] [Server thread/INFO] [net.minecraft.server.players.PlayerList/]: Karilu[/192.168.195.50:61773] logged in with entity id 27385 at (-414.7740883035298, 70.22149363870948, -2226.179094758229)
[17Jan2025 00:53:16.683] [Server thread/INFO] [net.minecraft.server.MinecraftServer/]: Karilu joined the game
[17Jan2025 00:55:57.054] [Server thread/INFO] [net.minecraft.server.network.ServerGamePacketListenerImpl/]: Christ1anH lost connection: Disconnected
[17Jan2025 00:55:57.055] [Server thread/INFO] [net.minecraft.server.MinecraftServer/]: Christ1anH left the game
[17Jan2025 00:56:05.069] [Server thread/INFO] [net.minecraft.server.MinecraftServer/]: jeanpaulda has made the advancement [tombstone.advancement.create_magic_tablet.title]
[17Jan2025 00:57:11.655] [Server thread/INFO] [net.minecraft.server.MinecraftServer/]: [Not Secure] <jeanpaulda> zzz?
[17Jan2025 00:57:17.549] [Server thread/INFO] [net.minecraft.server.MinecraftServer/]: [Not Secure] <tomas2695> ZZ
[17Jan2025 00:57:21.073] [Server thread/INFO] [net.minecraft.server.MinecraftServer/]: [Not Secure] <tomas2695> Loca
[17Jan2025 00:57:31.500] [Server thread/INFO] [net.minecraft.server.MinecraftServer/]: [Not Secure] <MachoLoco> Ya se sabe el dicho papi
[17Jan2025 00:57:36.846] [Server thread/INFO] [net.minecraft.server.network.ServerGamePacketListenerImpl/]: Karilu lost connection: Disconnected
[17Jan2025 00:57:36.847] [Server thread/INFO] [net.minecraft.server.MinecraftServer/]: Karilu left the game
[17Jan2025 01:10:54.948] [Server thread/INFO] [net.minecraft.server.network.ServerGamePacketListenerImpl/]: tomas2695 lost connection: Disconnected
[17Jan2025 01:10:54.949] [Server thread/INFO] [net.minecraft.server.MinecraftServer/]: tomas2695 left the game
[17Jan2025 01:20:29.192] [Server thread/INFO] [net.minecraft.server.network.ServerGamePacketListenerImpl/]: MachoLoco lost connection: Disconnected
[17Jan2025 01:20:29.192] [Server thread/INFO] [net.minecraft.server.MinecraftServer/]: MachoLoco left the game
[17Jan2025 01:27:50.036] [Server thread/INFO] [net.minecraft.server.network.ServerGamePacketListenerImpl/]: jeanpaulda lost connection: Disconnected
[17Jan2025 01:27:50.037] [Server thread/INFO] [net.minecraft.server.MinecraftServer/]: jeanpaulda left the game
[17Jan2025 01:29:06.306] [Server thread/INFO] [net.minecraft.server.players.PlayerList/]: jeanpaulda[/192.168.195.187:61744] logged in with entity id 42234 at (-2451.805870810628, 111.0, 2481.7319327159835)
[17Jan2025 01:29:06.307] [Server thread/INFO] [net.minecraft.server.MinecraftServer/]: jeanpaulda joined the game
[17Jan2025 01:35:51.994] [Server thread/INFO] [net.minecraft.server.players.PlayerList/]: Karilu[/192.168.195.50:62307] logged in with entity id 43432 at (-441.61518187119196, 75.0, -2218.1086331719443)
[17Jan2025 01:35:51.995] [Server thread/INFO] [net.minecraft.server.MinecraftServer/]: Karilu joined the game
[17Jan2025 01:39:08.009] [Server thread/INFO] [net.minecraft.server.players.PlayerList/]: tomas2695[/192.168.195.227:61271] logged in with entity id 44634 at (-445.1821164322161, 74.0, -2224.016913906233)
[17Jan2025 01:39:08.011] [Server thread/INFO] [net.minecraft.server.MinecraftServer/]: tomas2695 joined the game
[17Jan2025 01:42:00.218] [Server thread/INFO] [net.minecraft.server.MinecraftServer/]: [Not Secure] <tomas2695> zz
[17Jan2025 01:42:40.431] [Server thread/INFO] [net.minecraft.server.players.PlayerList/]: AlexanderOc07[/192.168.195.244:50120] logged in with entity id 45970 at (-2584.3321482650226, 119.0, 2139.2822527380654)
[17Jan2025 01:42:40.434] [Server thread/INFO] [net.minecraft.server.MinecraftServer/]: AlexanderOc07 joined the game
[17Jan2025 01:47:27.548] [Server thread/INFO] [net.minecraft.server.network.ServerGamePacketListenerImpl/]: AlexanderOc07 lost connection: Disconnected
[17Jan2025 01:47:27.549] [Server thread/INFO] [net.minecraft.server.MinecraftServer/]: AlexanderOc07 left the game
[17Jan2025 01:47:37.156] [Server thread/INFO] [net.minecraft.server.players.PlayerList/]: AlexanderOc07[/192.168.195.244:50201] logged in with entity id 48610 at (-2572.3585199235918, 123.0, 2150.203173297087)
[17Jan2025 01:47:37.157] [Server thread/INFO] [net.minecraft.server.MinecraftServer/]: AlexanderOc07 joined the game
[17Jan2025 01:49:32.792] [Server thread/INFO] [net.minecraft.server.players.PlayerList/]: Christ1anH[/192.168.195.143:59852] logged in with entity id 49772 at (-443.1449717624947, 70.0, -2213.7720358931497)
[17Jan2025 01:49:32.794] [Server thread/INFO] [net.minecraft.server.MinecraftServer/]: Christ1anH joined the game
[17Jan2025 01:50:32.753] [Server thread/INFO] [net.minecraft.server.network.ServerGamePacketListenerImpl/]: AlexanderOc07 lost connection: Disconnected
[17Jan2025 01:50:32.754] [Server thread/INFO] [net.minecraft.server.MinecraftServer/]: AlexanderOc07 left the game
[17Jan2025 01:57:33.417] [Server thread/INFO] [net.minecraft.server.players.PlayerList/]: AlexanderOc07[/192.168.195.244:50276] logged in with entity id 53484 at (-2573.012888357173, 124.0, 2154.27163841679)
[17Jan2025 01:57:33.418] [Server thread/INFO] [net.minecraft.server.MinecraftServer/]: AlexanderOc07 joined the game
[17Jan2025 01:57:35.151] [Server thread/INFO] [net.minecraft.server.network.ServerGamePacketListenerImpl/]: jeanpaulda lost connection: Disconnected
[17Jan2025 01:57:35.151] [Server thread/INFO] [net.minecraft.server.MinecraftServer/]: jeanpaulda left the game
[17Jan2025 01:57:42.948] [Server thread/INFO] [net.minecraft.server.network.ServerGamePacketListenerImpl/]: AlexanderOc07 lost connection: Disconnected
[17Jan2025 01:57:42.948] [Server thread/INFO] [net.minecraft.server.MinecraftServer/]: AlexanderOc07 left the game
[17Jan2025 01:58:49.443] [Server thread/INFO] [net.minecraft.server.MinecraftServer/]: [Not Secure] <Karilu> ZZZ
[17Jan2025 02:11:00.535] [Server thread/INFO] [net.minecraft.server.players.PlayerList/]: AlexanderOc07[/192.168.195.244:50367] logged in with entity id 59572 at (-2574.4593860217924, 122.0, 2148.971274154169)
[17Jan2025 02:11:00.537] [Server thread/INFO] [net.minecraft.server.MinecraftServer/]: AlexanderOc07 joined the game
[17Jan2025 02:11:10.098] [Server thread/INFO] [net.minecraft.server.MinecraftServer/]: [Not Secure] <Karilu> zzz
[17Jan2025 02:11:13.177] [Server thread/INFO] [net.minecraft.server.MinecraftServer/]: [Not Secure] <AlexanderOc07> zzz
[17Jan2025 02:11:14.198] [Server thread/INFO] [net.minecraft.server.network.ServerGamePacketListenerImpl/]: AlexanderOc07 lost connection: Disconnected
[17Jan2025 02:11:14.198] [Server thread/INFO] [net.minecraft.server.MinecraftServer/]: AlexanderOc07 left the game
[17Jan2025 02:11:22.564] [Server thread/INFO] [net.minecraft.server.MinecraftServer/]: [Not Secure] <Christ1anH> zzzzzzzzzzzzzzzzzzzzzzzzzzzzz
[17Jan2025 02:12:05.104] [Server thread/INFO] [net.minecraft.server.players.PlayerList/]: AlexanderOc07[/192.168.195.244:50388] logged in with entity id 60263 at (-2582.2798738805946, 122.0, 2137.1924150843734)
[17Jan2025 02:12:05.105] [Server thread/INFO] [net.minecraft.server.MinecraftServer/]: AlexanderOc07 joined the game
[17Jan2025 02:17:48.150] [Server thread/INFO] [net.minecraft.server.network.ServerGamePacketListenerImpl/]: AlexanderOc07 lost connection: Disconnected
[17Jan2025 02:17:48.150] [Server thread/INFO] [net.minecraft.server.MinecraftServer/]: AlexanderOc07 left the game
[17Jan2025 02:17:57.031] [Server thread/INFO] [net.minecraft.server.players.PlayerList/]: AlexanderOc07[/192.168.195.244:50418] logged in with entity id 63655 at (-2580.2670768584394, 122.0, 2156.3655157461844)
[17Jan2025 02:17:57.032] [Server thread/INFO] [net.minecraft.server.MinecraftServer/]: AlexanderOc07 joined the game
[17Jan2025 02:23:33.981] [Server thread/INFO] [net.minecraft.server.MinecraftServer/]: Karilu has made the advancement [tombstone.advancement.first_knowledge.title]
[17Jan2025 02:23:33.982] [Server thread/INFO] [net.minecraft.server.MinecraftServer/]: Karilu has made the advancement [tombstone.advancement.ashes_and_bones.title]
[17Jan2025 02:24:56.395] [Server thread/INFO] [net.minecraft.server.network.ServerGamePacketListenerImpl/]: AlexanderOc07 lost connection: Disconnected
[17Jan2025 02:24:56.396] [Server thread/INFO] [net.minecraft.server.MinecraftServer/]: AlexanderOc07 left the game
[17Jan2025 02:25:21.212] [Server thread/INFO] [net.minecraft.server.players.PlayerList/]: AlexanderOc07[/192.168.195.244:50490] logged in with entity id 68212 at (-2573.4245350355395, 124.875, 2156.339063030272)
[17Jan2025 02:25:21.213] [Server thread/INFO] [net.minecraft.server.MinecraftServer/]: AlexanderOc07 joined the game
[17Jan2025 02:26:55.599] [Server thread/INFO] [net.minecraft.server.network.ServerGamePacketListenerImpl/]: AlexanderOc07 lost connection: Disconnected
[17Jan2025 02:26:55.600] [Server thread/INFO] [net.minecraft.server.MinecraftServer/]: AlexanderOc07 left the game
[17Jan2025 02:27:20.852] [Server thread/INFO] [net.minecraft.server.MinecraftServer/]: Christ1anH fell from a high place
[17Jan2025 02:27:20.860] [Server thread/INFO] [tombstone/]: tombstone.message.recovery.save_player.success
[17Jan2025 02:50:18.695] [Server thread/INFO] [net.minecraft.server.MinecraftServer/]: tomas2695 was slain by Zombie
[17Jan2025 02:50:18.701] [Server thread/INFO] [tombstone/]: tombstone.message.recovery.save_player.success
[17Jan2025 03:03:09.282] [Server thread/INFO] [net.minecraft.server.players.PlayerList/]: jeanpaulda[/192.168.195.187:62474] logged in with entity id 87389 at (-2437.8064210238986, 109.0, 2483.029313620912)
[17Jan2025 03:03:09.283] [Server thread/INFO] [net.minecraft.server.MinecraftServer/]: jeanpaulda joined the game
[17Jan2025 03:05:34.498] [Server thread/INFO] [net.minecraft.server.MinecraftServer/]: Christ1anH was slain by Drowned
[17Jan2025 03:05:34.505] [Server thread/INFO] [tombstone/]: tombstone.message.recovery.save_player.success
[17Jan2025 03:11:05.145] [Server thread/INFO] [net.minecraft.server.network.ServerGamePacketListenerImpl/]: Christ1anH lost connection: Disconnected
[17Jan2025 03:11:05.145] [Server thread/INFO] [net.minecraft.server.MinecraftServer/]: Christ1anH left the game
[17Jan2025 03:14:27.474] [Server thread/WARN] [net.minecraft.server.level.ServerPlayerGameMode/]: Mismatch in destroy block pos: BlockPos{x=-386, y=64, z=-2464} BlockPos{x=-385, y=62, z=-2464}
[17Jan2025 03:14:52.696] [Server thread/WARN] [net.minecraft.server.level.ServerPlayerGameMode/]: Mismatch in destroy block pos: BlockPos{x=-303, y=64, z=-2397} BlockPos{x=-303, y=62, z=-2397}
[17Jan2025 03:18:46.294] [Server thread/INFO] [net.minecraft.server.network.ServerGamePacketListenerImpl/]: Karilu lost connection: Disconnected
[17Jan2025 03:18:46.294] [Server thread/INFO] [net.minecraft.server.MinecraftServer/]: Karilu left the game
[17Jan2025 03:44:39.058] [Server thread/INFO] [net.minecraft.server.MinecraftServer/]: [Not Secure] <tomas2695> duerma mi amorsh
[17Jan2025 03:44:56.193] [Server thread/INFO] [net.minecraft.server.MinecraftServer/]: [Not Secure] <tomas2695> gracias
[17Jan2025 03:46:12.042] [Server thread/INFO] [net.minecraft.server.network.ServerGamePacketListenerImpl/]: tomas2695 lost connection: Disconnected
[17Jan2025 03:46:12.042] [Server thread/INFO] [net.minecraft.server.MinecraftServer/]: tomas2695 left the game
